15:40:47: Creating resource group General
15:40:47: Creating resource group Internal
15:40:47: Creating resource group Autodetect
15:40:47: SceneManagerFactory for type 'DefaultSceneManager' registered.
15:40:47: Registering ResourceManager for type Material
15:40:47: Registering ResourceManager for type Mesh
15:40:47: Registering ResourceManager for type Skeleton
15:40:47: MovableObjectFactory for type 'ParticleSystem' registered.
15:40:47: ArchiveFactory for archive type FileSystem registered.
15:40:47: ArchiveFactory for archive type Zip registered.
15:40:47: ArchiveFactory for archive type EmbeddedZip registered.
15:40:47: DDS codec registering
15:40:47: FreeImage version: 3.13.1
15:40:47: This program uses FreeImage, a free, open source image library supporting all common bitmap formats. See http://freeimage.sourceforge.net for details
15:40:47: Supported formats: bmp,ico,jpg,jif,jpeg,jpe,jng,koa,iff,lbm,mng,pbm,pbm,pcd,pcx,pgm,pgm,png,ppm,ppm,ras,tga,targa,tif,tiff,wap,wbmp,wbm,psd,cut,xbm,xpm,gif,hdr,g3,sgi,exr,j2k,j2c,jp2,pfm,pct,pict,pic,bay,bmq,cr2,crw,cs1,dc2,dcr,dng,erf,fff,hdr,k25,kdc,mdc,mos,mrw,nef,orf,pef,pxn,raf,raw,rdc,sr2,srf,arw,3fr,cine,ia,kc2,mef,nrw,qtk,rw2,sti,drf,dsc,ptx,cap,iiq,rwz
15:40:47: Registering ResourceManager for type HighLevelGpuProgram
15:40:47: Registering ResourceManager for type Compositor
15:40:47: MovableObjectFactory for type 'Entity' registered.
15:40:47: MovableObjectFactory for type 'Light' registered.
15:40:47: MovableObjectFactory for type 'BillboardSet' registered.
15:40:47: MovableObjectFactory for type 'ManualObject' registered.
15:40:47: MovableObjectFactory for type 'BillboardChain' registered.
15:40:47: MovableObjectFactory for type 'RibbonTrail' registered.
15:40:47: OGRE EXCEPTION(6:FileNotFoundException): 'plugins.cfg' file not found! in ConfigFile::load at C:/Development/Ogre/OgreMain\src/OgreConfigFile.cpp (line 88)
15:40:47: plugins.cfg not found, automatic plugin loading disabled.
15:40:47: *-*-* OGRE Initialising
15:40:47: *-*-* Version 1.9.0unstable (Ghadamon)
15:40:47: OverlayElementFactory for type Panel registered.
15:40:47: OverlayElementFactory for type BorderPanel registered.
15:40:47: OverlayElementFactory for type TextArea registered.
15:40:47: Registering ResourceManager for type Font
15:40:47: OGRE EXCEPTION(6:FileNotFoundException): 'resources.cfg' file not found! in ConfigFile::load at C:/Development/Ogre/OgreMain\src/OgreConfigFile.cpp (line 88)
