07:56:13: Creating resource group General
07:56:13: Creating resource group Internal
07:56:13: Creating resource group Autodetect
07:56:13: SceneManagerFactory for type 'DefaultSceneManager' registered.
07:56:13: Registering ResourceManager for type Material
07:56:13: Registering ResourceManager for type Mesh
07:56:13: Registering ResourceManager for type Skeleton
07:56:13: MovableObjectFactory for type 'ParticleSystem' registered.
07:56:13: ArchiveFactory for archive type FileSystem registered.
07:56:13: ArchiveFactory for archive type Zip registered.
07:56:13: ArchiveFactory for archive type EmbeddedZip registered.
07:56:13: DDS codec registering
07:56:13: FreeImage version: 3.13.1
07:56:13: This program uses FreeImage, a free, open source image library supporting all common bitmap formats. See http://freeimage.sourceforge.net for details
07:56:13: Supported formats: bmp,ico,jpg,jif,jpeg,jpe,jng,koa,iff,lbm,mng,pbm,pbm,pcd,pcx,pgm,pgm,png,ppm,ppm,ras,tga,targa,tif,tiff,wap,wbmp,wbm,psd,cut,xbm,xpm,gif,hdr,g3,sgi,exr,j2k,j2c,jp2,pfm,pct,pict,pic,bay,bmq,cr2,crw,cs1,dc2,dcr,dng,erf,fff,hdr,k25,kdc,mdc,mos,mrw,nef,orf,pef,pxn,raf,raw,rdc,sr2,srf,arw,3fr,cine,ia,kc2,mef,nrw,qtk,rw2,sti,drf,dsc,ptx,cap,iiq,rwz
07:56:13: Registering ResourceManager for type HighLevelGpuProgram
07:56:13: Registering ResourceManager for type Compositor
07:56:13: MovableObjectFactory for type 'Entity' registered.
07:56:13: MovableObjectFactory for type 'Light' registered.
07:56:13: MovableObjectFactory for type 'BillboardSet' registered.
07:56:13: MovableObjectFactory for type 'ManualObject' registered.
07:56:13: MovableObjectFactory for type 'BillboardChain' registered.
07:56:13: MovableObjectFactory for type 'RibbonTrail' registered.
07:56:13: Loading library .\RenderSystem_Direct3D9_d
07:56:13: Installing plugin: D3D9 RenderSystem
07:56:13: D3D9 : Direct3D9 Rendering Subsystem created.
07:56:13: D3D9: Driver Detection Starts
07:56:13: D3D9: Driver Detection Ends
07:56:13: Plugin successfully installed
07:56:13: Loading library .\RenderSystem_GL_d
07:56:13: Installing plugin: GL RenderSystem
07:56:13: OpenGL Rendering Subsystem created.
07:56:13: Plugin successfully installed
07:56:13: Loading library .\Plugin_ParticleFX_d
07:56:13: Installing plugin: ParticleFX
07:56:13: Particle Emitter Type 'Point' registered
07:56:13: Particle Emitter Type 'Box' registered
07:56:13: Particle Emitter Type 'Ellipsoid' registered
07:56:13: Particle Emitter Type 'Cylinder' registered
07:56:13: Particle Emitter Type 'Ring' registered
07:56:13: Particle Emitter Type 'HollowEllipsoid' registered
07:56:13: Particle Affector Type 'LinearForce' registered
07:56:13: Particle Affector Type 'ColourFader' registered
07:56:13: Particle Affector Type 'ColourFader2' registered
07:56:13: Particle Affector Type 'ColourImage' registered
07:56:13: Particle Affector Type 'ColourInterpolator' registered
07:56:13: Particle Affector Type 'Scaler' registered
07:56:13: Particle Affector Type 'Rotator' registered
07:56:13: Particle Affector Type 'DirectionRandomiser' registered
07:56:13: Particle Affector Type 'DeflectorPlane' registered
07:56:13: Plugin successfully installed
07:56:13: Loading library .\Plugin_OctreeSceneManager_d
07:56:13: Installing plugin: Octree Scene Manager
07:56:13: Plugin successfully installed
07:56:13: *-*-* OGRE Initialising
07:56:13: *-*-* Version 1.9.0unstable (Ghadamon)
07:56:13: OverlayElementFactory for type Panel registered.
07:56:13: OverlayElementFactory for type BorderPanel registered.
07:56:13: OverlayElementFactory for type TextArea registered.
07:56:13: Registering ResourceManager for type Font
07:56:13: Added resource location '../../Media' of type 'FileSystem' to resource group 'General'
07:56:13: Added resource location '../../Media/skybox.zip' of type 'Zip' to resource group 'General'
07:56:13: Added resource location '../../Media/SdkTrays.zip' of type 'Zip' to resource group 'General'
07:56:13: D3D9 : RenderSystem Option: Allow DirectX9Ex = No
07:56:13: D3D9 : RenderSystem Option: Allow NVPerfHUD = No
07:56:13: D3D9 : RenderSystem Option: FSAA = 0
07:56:13: D3D9 : RenderSystem Option: Fixed Pipeline Enabled = Yes
07:56:13: D3D9 : RenderSystem Option: Floating-point mode = Fastest
07:56:13: D3D9 : RenderSystem Option: Full Screen = No
07:56:13: D3D9 : RenderSystem Option: Multi device memory hint = Use minimum system memory
07:56:13: D3D9 : RenderSystem Option: Rendering Device = Monitor-1-Parallels Display Adapter (WDDM)
07:56:13: D3D9 : RenderSystem Option: Resource Creation Policy = Create on all devices
07:56:13: D3D9 : RenderSystem Option: Use Multihead = Auto
07:56:13: D3D9 : RenderSystem Option: VSync = No
07:56:13: D3D9 : RenderSystem Option: VSync Interval = 1
07:56:13: D3D9 : RenderSystem Option: Video Mode = 800 x 600 @ 32-bit colour
07:56:13: D3D9 : RenderSystem Option: sRGB Gamma Conversion = No
07:56:13: CPU Identifier & Features
07:56:13: -------------------------
07:56:13:  *   CPU ID: GenuineIntel: Intel(R) Core(TM) i5 CPU       M 520  @ 2.40GHz
07:56:13:  *      SSE: yes
07:56:13:  *     SSE2: yes
07:56:13:  *     SSE3: yes
07:56:13:  *      MMX: yes
07:56:13:  *   MMXEXT: yes
07:56:13:  *    3DNOW: no
07:56:13:  * 3DNOWEXT: no
07:56:13:  *     CMOV: yes
07:56:13:  *      TSC: yes
07:56:13:  *      FPU: yes
07:56:13:  *      PRO: yes
07:56:13:  *       HT: no
07:56:13: -------------------------
07:56:13: D3D9 : Subsystem Initialising
07:56:13: Registering ResourceManager for type Texture
07:56:13: Registering ResourceManager for type GpuProgram
07:56:13: D3D9RenderSystem::_createRenderWindow "OGRE Render Window", 800x600 windowed  miscParams: FSAA=0 FSAAHint= colourDepth=32 gamma=false monitorIndex=0 useNVPerfHUD=false vsync=false vsyncInterval=1 
07:56:13: D3D9 : Created D3D9 Rendering Window 'OGRE Render Window' : 800x600, 32bpp
07:56:13: D3D9 : WARNING - disabling VSync in windowed mode can cause timing issues at lower frame rates, turn VSync on if you observe this problem.
07:56:13: D3D9: Vertex texture format supported - PF_FLOAT16_RGB
07:56:13: D3D9: Vertex texture format supported - PF_FLOAT16_RGBA
07:56:13: D3D9: Vertex texture format supported - PF_FLOAT32_RGB
07:56:13: D3D9: Vertex texture format supported - PF_FLOAT32_RGBA
07:56:13: D3D9: Vertex texture format supported - PF_FLOAT16_R
07:56:13: D3D9: Vertex texture format supported - PF_FLOAT32_R
07:56:13: D3D9: Vertex texture format supported - PF_FLOAT16_GR
07:56:13: D3D9: Vertex texture format supported - PF_FLOAT32_GR
07:56:13: RenderSystem capabilities
07:56:13: -------------------------
07:56:13: RenderSystem Name: Direct3D9 Rendering Subsystem
07:56:13: GPU Vendor: unknown
07:56:13: Device Name: Monitor-1-Parallels Display Adapter (WDDM)
07:56:13: Driver Version: 8.15.10.18483
07:56:13:  * Fixed function pipeline: yes
07:56:13:  * Hardware generation of mipmaps: yes
07:56:13:  * Texture blending: yes
07:56:13:  * Anisotropic texture filtering: yes
07:56:13:  * Dot product texture operation: yes
07:56:13:  * Cube mapping: yes
07:56:13:  * Hardware stencil buffer: yes
07:56:13:    - Stencil depth: 8
07:56:13:    - Two sided stencil support: yes
07:56:13:    - Wrap stencil values: yes
07:56:13:  * Hardware vertex / index buffers: yes
07:56:13:  * Vertex programs: yes
07:56:13:  * Number of floating-point constants for vertex programs: 256
07:56:13:  * Number of integer constants for vertex programs: 16
07:56:13:  * Number of boolean constants for vertex programs: 16
07:56:13:  * Fragment programs: yes
07:56:13:  * Number of floating-point constants for fragment programs: 224
07:56:13:  * Number of integer constants for fragment programs: 16
07:56:13:  * Number of boolean constants for fragment programs: 16
07:56:13:  * Geometry programs: no
07:56:13:  * Number of floating-point constants for geometry programs: 0
07:56:13:  * Number of integer constants for geometry programs: 0
07:56:13:  * Number of boolean constants for geometry programs: 0
07:56:13:  * Tesselation Hull programs: no
07:56:13:  * Number of floating-point constants for tesselation hull programs: 0
07:56:13:  * Number of integer constants for tesselation hull programs: 0
07:56:13:  * Number of boolean constants for tesselation hull programs: 0
07:56:13:  * Tesselation Domain programs: no
07:56:13:  * Number of floating-point constants for tesselation domain programs: 0
07:56:13:  * Number of integer constants for tesselation domain programs: 0
07:56:13:  * Number of boolean constants for tesselation domain programs: 0
07:56:13:  * Compute programs: no
07:56:13:  * Number of floating-point constants for compute programs: 0
07:56:13:  * Number of integer constants for compute programs: 0
07:56:13:  * Number of boolean constants for compute programs: 0
07:56:13:  * Supported Shader Profiles: hlsl ps_1_1 ps_1_2 ps_1_3 ps_1_4 ps_2_0 ps_2_a ps_2_b ps_2_x ps_3_0 vs_1_1 vs_2_0 vs_2_a vs_2_x vs_3_0
07:56:13:  * Texture Compression: yes
07:56:13:    - DXT: yes
07:56:13:    - VTC: no
07:56:13:    - PVRTC: no
07:56:13:    - BC4/BC5: no
07:56:13:    - BC6H/BC7: no
07:56:13:  * Scissor Rectangle: yes
07:56:13:  * Hardware Occlusion Query: yes
07:56:13:  * User clip planes: yes
07:56:13:  * VET_UBYTE4 vertex element type: yes
07:56:13:  * Infinite far plane projection: yes
07:56:13:  * Hardware render-to-texture: yes
07:56:13:  * Floating point textures: yes
07:56:13:  * Non-power-of-two textures: yes
07:56:13:  * 1d textures: yes
07:56:13:  * Volume textures: yes
07:56:13:  * Multiple Render Targets: 4
07:56:13:    - With different bit depths: yes
07:56:13:  * Point Sprites: yes
07:56:13:  * Extended point parameters: yes
07:56:13:  * Max Point Size: 64
07:56:13:  * Vertex texture fetch: yes
07:56:13:  * Number of world matrices: 0
07:56:13:  * Number of texture units: 8
07:56:13:  * Stencil buffer depth: 8
07:56:13:  * Number of vertex blend matrices: 0
07:56:13:    - Max vertex textures: 4
07:56:13:    - Vertex textures shared: no
07:56:13:  * Render to Vertex Buffer : no
07:56:13:  * Hardware Atomic Counters: no
07:56:13:  * DirectX per stage constants: yes
07:56:13: ***************************************
07:56:13: *** D3D9 : Subsystem Initialised OK ***
07:56:13: ***************************************
07:56:13: DefaultWorkQueue('Root') initialising on thread main.
07:56:13: Particle Renderer Type 'billboard' registered
07:56:13: SceneManagerFactory for type 'OctreeSceneManager' registered.
07:56:13: Parsing scripts for resource group Autodetect
07:56:13: Finished parsing scripts for resource group Autodetect
07:56:13: Creating resources for group Autodetect
07:56:13: All done
07:56:13: Parsing scripts for resource group General
07:56:13: Parsing script Examples.material
07:56:14: Compiler error: reference to a non existing object in Examples.material(263)
07:56:14: Compiler error: reference to a non existing object in Examples.material(782)
07:56:14: Compiler error: reference to a non existing object in Examples.material(794)
07:56:14: Compiler error: reference to a non existing object in Examples.material(1461)
07:56:14: Compiler error: reference to a non existing object in Examples.material(1464)
07:56:14: Compiler error: reference to a non existing object in Examples.material(1656)
07:56:14: Compiler error: reference to a non existing object in Examples.material(1678)
07:56:14: Compiler error: reference to a non existing object in Examples.material(1701)
07:56:14: Compiler error: reference to a non existing object in Examples.material(1723)
07:56:14: Compiler error: reference to a non existing object in Examples.material(1819)
07:56:14: Compiler error: reference to a non existing object in Examples.material(1824)
07:56:14: Compiler error: reference to a non existing object in Examples.material(1830)
07:56:14: Compiler error: reference to a non existing object in Examples.material(1981)
07:56:14: Compiler error: reference to a non existing object in Examples.material(1995)
07:56:14: Parsing script shield.material
07:56:14: OGRE EXCEPTION(2:InvalidParametersException): Parameter called cameraPosition_OS does not exist.  in GpuProgramParameters::_findNamedConstantDefinition at C:\Development\Ogre\OgreMain\src/OgreGpuProgramParams.cpp (line 1693)
07:56:14: Compiler error: invalid parameters in shield.material(57): setting of constant failed
07:56:14: Parsing script Sinbad.material
07:56:14: Parsing script skybox.material
07:56:14: Parsing script smoke.material
07:56:14: Parsing script spacecraft.material
07:56:14: Parsing script SdkTrays.material
07:56:15: Parsing script Examples.particle
07:56:15: Parsing script space.particle
07:56:15: Parsing script SdkTrays.fontdef
07:56:15: Parsing script SdkTrays.overlay
07:56:15: Texture: sdk_cursor.png: Loading 1 faces(PF_A8R8G8B8,32x32x1) Internal format is PF_A8R8G8B8,32x32x1.
07:56:15: Texture: sdk_tray.png: Loading 1 faces(PF_A8R8G8B8,64x64x1) Internal format is PF_A8R8G8B8,64x64x1.
07:56:15: Texture: sdk_button_up.png: Loading 1 faces(PF_A8R8G8B8,128x32x1) Internal format is PF_A8R8G8B8,128x32x1.
07:56:15: Texture: sdk_text_box.png: Loading 1 faces(PF_A8R8G8B8,32x32x1) Internal format is PF_A8R8G8B8,32x32x1.
07:56:15: Texture: sdk_mini_tray.png: Loading 1 faces(PF_A8R8G8B8,32x32x1) Internal format is PF_A8R8G8B8,32x32x1.
07:56:15: Texture: sdk_track.png: Loading 1 faces(PF_A8R8G8B8,16x32x1) Internal format is PF_A8R8G8B8,16x32x1.
07:56:15: Texture: sdk_handle.png: Loading 1 faces(PF_A8R8G8B8,16x16x1) Internal format is PF_A8R8G8B8,16x16x1.
07:56:15: Texture: sdk_mini_text_box.png: Loading 1 faces(PF_A8R8G8B8,32x32x1) Internal format is PF_A8R8G8B8,32x32x1.
07:56:15: Texture: sdk_label.png: Loading 1 faces(PF_A8R8G8B8,32x32x1) Internal format is PF_A8R8G8B8,32x32x1.
07:56:15: Texture: sdk_separator.png: Loading 1 faces(PF_A8R8G8B8,64x16x1) Internal format is PF_A8R8G8B8,64x16x1.
07:56:15: Texture: sdk_logo.png: Loading 1 faces(PF_A8R8G8B8,128x64x1) Internal format is PF_A8R8G8B8,128x64x1.
07:56:15: Texture: sdk_shade.png: Loading 1 faces(PF_A8R8G8B8,64x48x1) with 5 generated mipmaps from Image. Internal format is PF_A8R8G8B8,64x48x1.
07:56:15: Texture: sdk_frame.png: Loading 1 faces(PF_A8R8G8B8,32x32x1) Internal format is PF_A8R8G8B8,32x32x1.
07:56:15: Texture: sdk_mini_text_box_over.png: Loading 1 faces(PF_A8R8G8B8,32x32x1) Internal format is PF_A8R8G8B8,32x32x1.
07:56:15: Texture: sdk_pulse.png: Loading 1 faces(PF_R8G8B8,8x1x1) Internal format is PF_X8R8G8B8,8x1x1.
07:56:15: Finished parsing scripts for resource group General
07:56:15: Creating resources for group General
07:56:15: All done
07:56:15: Parsing scripts for resource group Internal
07:56:15: Finished parsing scripts for resource group Internal
07:56:15: Creating resources for group Internal
07:56:15: All done
07:56:15: Added resource location '../media/fonts' of type 'FileSystem' to resource group 'General'
07:56:15: Font MyFont using texture size 512x512
07:56:15: Info: Freetype returned null for character 160 in font MyFont
07:56:15: Texture: MyFontTexture: Loading 1 faces(PF_BYTE_LA,512x512x1) with 0 generated mipmaps from Image. Internal format is PF_BYTE_LA,512x512x1.
07:56:16: Creating resource group OgreBulletCollisions
07:56:16: Texture: BumpyMetal.jpg: Loading 1 faces(PF_R8G8B8,512x512x1) Internal format is PF_X8R8G8B8,512x512x1.
07:56:16: Mesh: Loading spacecraft.mesh.
07:56:16: Can't assign material spacecraftMaterial__49 to SubEntity of craft1 because this Material does not exist. Have you forgotten to define it in a .material script?
07:56:16: Texture: spacecraft_blue.jpg: Loading 1 faces(PF_R8G8B8,1024x1024x1) Internal format is PF_X8R8G8B8,1024x1024x1.
07:56:16: Mesh: Loading sphere.mesh.
07:56:16: Texture: shield2.png: Loading 1 faces(PF_A8R8G8B8,168x168x1) with 5 generated mipmaps from Image. Internal format is PF_A8R8G8B8,168x168x1.
07:56:16: Can't assign material spacecraftMaterial__49 to SubEntity of craft2 because this Material does not exist. Have you forgotten to define it in a .material script?
07:56:16: Texture: spacecraft_red.jpg: Loading 1 faces(PF_R8G8B8,1024x1024x1) Internal format is PF_X8R8G8B8,1024x1024x1.
07:56:16: *** Initializing OIS ***
07:56:17: Texture: smoke.png: Loading 1 faces(PF_A8R8G8B8,256x256x1) Internal format is PF_A8R8G8B8,256x256x1.
07:56:17: Texture: MtlPlat2.jpg: Loading 1 faces(PF_R8G8B8,512x512x1) Internal format is PF_X8R8G8B8,512x512x1.
07:56:17: Font SdkTrays/Caption using texture size 512x256
07:56:17: Info: Freetype returned null for character 160 in font SdkTrays/Caption
07:56:17: Texture: SdkTrays/CaptionTexture: Loading 1 faces(PF_BYTE_LA,512x256x1) with 0 generated mipmaps from Image. Internal format is PF_BYTE_LA,512x256x1.
07:56:17: Font SdkTrays/Value using texture size 512x512
07:56:17: Info: Freetype returned null for character 127 in font SdkTrays/Value
07:56:17: Info: Freetype returned null for character 128 in font SdkTrays/Value
07:56:17: Info: Freetype returned null for character 129 in font SdkTrays/Value
07:56:17: Info: Freetype returned null for character 130 in font SdkTrays/Value
07:56:17: Info: Freetype returned null for character 131 in font SdkTrays/Value
07:56:17: Info: Freetype returned null for character 132 in font SdkTrays/Value
07:56:17: Info: Freetype returned null for character 133 in font SdkTrays/Value
07:56:17: Info: Freetype returned null for character 134 in font SdkTrays/Value
07:56:17: Info: Freetype returned null for character 135 in font SdkTrays/Value
07:56:17: Info: Freetype returned null for character 136 in font SdkTrays/Value
07:56:17: Info: Freetype returned null for character 137 in font SdkTrays/Value
07:56:17: Info: Freetype returned null for character 138 in font SdkTrays/Value
07:56:17: Info: Freetype returned null for character 139 in font SdkTrays/Value
07:56:17: Info: Freetype returned null for character 140 in font SdkTrays/Value
07:56:17: Info: Freetype returned null for character 141 in font SdkTrays/Value
07:56:17: Info: Freetype returned null for character 142 in font SdkTrays/Value
07:56:17: Info: Freetype returned null for character 143 in font SdkTrays/Value
07:56:17: Info: Freetype returned null for character 144 in font SdkTrays/Value
07:56:17: Info: Freetype returned null for character 145 in font SdkTrays/Value
07:56:17: Info: Freetype returned null for character 146 in font SdkTrays/Value
07:56:17: Info: Freetype returned null for character 147 in font SdkTrays/Value
07:56:17: Info: Freetype returned null for character 148 in font SdkTrays/Value
07:56:17: Info: Freetype returned null for character 149 in font SdkTrays/Value
07:56:17: Info: Freetype returned null for character 150 in font SdkTrays/Value
07:56:17: Info: Freetype returned null for character 151 in font SdkTrays/Value
07:56:17: Info: Freetype returned null for character 152 in font SdkTrays/Value
07:56:17: Info: Freetype returned null for character 153 in font SdkTrays/Value
07:56:17: Info: Freetype returned null for character 154 in font SdkTrays/Value
07:56:17: Info: Freetype returned null for character 155 in font SdkTrays/Value
07:56:17: Info: Freetype returned null for character 156 in font SdkTrays/Value
07:56:17: Info: Freetype returned null for character 157 in font SdkTrays/Value
07:56:17: Info: Freetype returned null for character 158 in font SdkTrays/Value
07:56:17: Info: Freetype returned null for character 159 in font SdkTrays/Value
07:56:17: Info: Freetype returned null for character 160 in font SdkTrays/Value
07:56:17: Texture: SdkTrays/ValueTexture: Loading 1 faces(PF_BYTE_LA,512x512x1) with 0 generated mipmaps from Image. Internal format is PF_BYTE_LA,512x512x1.
